--- xcodebuild: WARNING: Using the first of multiple matching destinations:
{ platform:tvOS Simulator, id:33075C88-C6D2-48D2-A0EC-656465E88448, OS:17.0, name:Apple TV }
{ platform:tvOS Simulator, id:33075C88-C6D2-48D2-A0EC-656465E88448, OS:17.0, name:Apple TV }
2023-10-28 18:55:01.644 xcodebuild[6839:58943] [MT] DVTAssertions: Warning in /System/Volumes/Data/SWE/Apps/DT/BuildRoots/BuildRoot11/ActiveBuildRoot/Library/Caches/com.apple.xbs/Sources/IDEFrameworks/IDEFrameworks-22267/IDEFoundation/Provisioning/Capabilities Infrastructure/IDECapabilityQuerySelection.swift:103
Details:  createItemModels creation requirements should not create capability item model for a capability item model that already exists.
Function: createItemModels(for:itemModelSource:)
Thread:   <_NSMainThread: 0x600000c302c0>{number = 1, name = main}
Please file a bug at https://feedbackassistant.apple.com with this warning message and any useful information you can provide.
2023-10-28 18:55:01.644 xcodebuild[6839:58943] [MT] DVTAssertions: Warning in /System/Volumes/Data/SWE/Apps/DT/BuildRoots/BuildRoot11/ActiveBuildRoot/Library/Caches/com.apple.xbs/Sources/IDEFrameworks/IDEFrameworks-22267/IDEFoundation/Provisioning/Capabilities Infrastructure/IDECapabilityQuerySelection.swift:103
Details:  createItemModels creation requirements should not create capability item model for a capability item model that already exists.
Function: createItemModels(for:itemModelSource:)
Thread:   <_NSMainThread: 0x600000c302c0>{number = 1, name = main}
Please file a bug at https://feedbackassistant.apple.com with this warning message and any useful information you can provide.
2023-10-28 18:55:01.644 xcodebuild[6839:58943] [MT] DVTAssertions: Warning in /System/Volumes/Data/SWE/Apps/DT/BuildRoots/BuildRoot11/ActiveBuildRoot/Library/Caches/com.apple.xbs/Sources/IDEFrameworks/IDEFrameworks-22267/IDEFoundation/Provisioning/Capabilities Infrastructure/IDECapabilityQuerySelection.swift:103
Details:  createItemModels creation requirements should not create capability item model for a capability item model that already exists.
Function: createItemModels(for:itemModelSource:)
Thread:   <_NSMainThread: 0x600000c302c0>{number = 1, name = main}
Please file a bug at https://feedbackassistant.apple.com with this warning message and any useful information you can provide.
2023-10-28 18:55:01.644 xcodebuild[6839:58943] [MT] DVTAssertions: Warning in /System/Volumes/Data/SWE/Apps/DT/BuildRoots/BuildRoot11/ActiveBuildRoot/Library/Caches/com.apple.xbs/Sources/IDEFrameworks/IDEFrameworks-22267/IDEFoundation/Provisioning/Capabilities Infrastructure/IDECapabilityQuerySelection.swift:103
Details:  createItemModels creation requirements should not create capability item model for a capability item model that already exists.
Function: createItemModels(for:itemModelSource:)
Thread:   <_NSMainThread: 0x600000c302c0>{number = 1, name = main}
Please file a bug at https://feedbackassistant.apple.com with this warning message and any useful information you can provide.
2023-10-28 18:55:01.644 xcodebuild[6839:58943] [MT] DVTAssertions: Warning in /System/Volumes/Data/SWE/Apps/DT/BuildRoots/BuildRoot11/ActiveBuildRoot/Library/Caches/com.apple.xbs/Sources/IDEFrameworks/IDEFrameworks-22267/IDEFoundation/Provisioning/Capabilities Infrastructure/IDECapabilityQuerySelection.swift:103
Details:  createItemModels creation requirements should not create capability item model for a capability item model that already exists.
Function: createItemModels(for:itemModelSource:)
Thread:   <_NSMainThread: 0x600000c302c0>{number = 1, name = main}
Please file a bug at https://feedbackassistant.apple.com with this warning message and any useful information you can provide.
2023-10-28 18:55:01.644 xcodebuild[6839:58943] [MT] DVTAssertions: Warning in /System/Volumes/Data/SWE/Apps/DT/BuildRoots/BuildRoot11/ActiveBuildRoot/Library/Caches/com.apple.xbs/Sources/IDEFrameworks/IDEFrameworks-22267/IDEFoundation/Provisioning/Capabilities Infrastructure/IDECapabilityQuerySelection.swift:103
Details:  createItemModels creation requirements should not create capability item model for a capability item model that already exists.
Function: createItemModels(for:itemModelSource:)
Thread:   <_NSMainThread: 0x600000c302c0>{number = 1, name = main}
Please file a bug at https://feedbackassistant.apple.com with this warning message and any useful information you can provide.
2023-10-28 18:55:01.644 xcodebuild[6839:58943] [MT] DVTAssertions: Warning in /System/Volumes/Data/SWE/Apps/DT/BuildRoots/BuildRoot11/ActiveBuildRoot/Library/Caches/com.apple.xbs/Sources/IDEFrameworks/IDEFrameworks-22267/IDEFoundation/Provisioning/Capabilities Infrastructure/IDECapabilityQuerySelection.swift:103
Details:  createItemModels creation requirements should not create capability item model for a capability item model that already exists.
Function: createItemModels(for:itemModelSource:)
Thread:   <_NSMainThread: 0x600000c302c0>{number = 1, name = main}
Please file a bug at https://feedbackassistant.apple.com with this warning message and any useful information you can provide.
2023-10-28 18:55:01.644 xcodebuild[6839:58943] [MT] DVTAssertions: Warning in /System/Volumes/Data/SWE/Apps/DT/BuildRoots/BuildRoot11/ActiveBuildRoot/Library/Caches/com.apple.xbs/Sources/IDEFrameworks/IDEFrameworks-22267/IDEFoundation/Provisioning/Capabilities Infrastructure/IDECapabilityQuerySelection.swift:103
Details:  createItemModels creation requirements should not create capability item model for a capability item model that already exists.
Function: createItemModels(for:itemModelSource:)
Thread:   <_NSMainThread: 0x600000c302c0>{number = 1, name = main}
Please file a bug at https://feedbackassistant.apple.com with this warning message and any useful information you can provide.
2023-10-28 18:55:01.644 xcodebuild[6839:58943] [MT] DVTAssertions: Warning in /System/Volumes/Data/SWE/Apps/DT/BuildRoots/BuildRoot11/ActiveBuildRoot/Library/Caches/com.apple.xbs/Sources/IDEFrameworks/IDEFrameworks-22267/IDEFoundation/Provisioning/Capabilities Infrastructure/IDECapabilityQuerySelection.swift:103
Details:  createItemModels creation requirements should not create capability item model for a capability item model that already exists.
Function: createItemModels(for:itemModelSource:)
Thread:   <_NSMainThread: 0x600000c302c0>{number = 1, name = main}
Please file a bug at https://feedbackassistant.apple.com with this warning message and any useful information you can provide.
2023-10-28 18:55:01.644 xcodebuild[6839:58943] [MT] DVTAssertions: Warning in /System/Volumes/Data/SWE/Apps/DT/BuildRoots/BuildRoot11/ActiveBuildRoot/Library/Caches/com.apple.xbs/Sources/IDEFrameworks/IDEFrameworks-22267/IDEFoundation/Provisioning/Capabilities Infrastructure/IDECapabilityQuerySelection.swift:103
Details:  createItemModels creation requirements should not create capability item model for a capability item model that already exists.
Function: createItemModels(for:itemModelSource:)
Thread:   <_NSMainThread: 0x600000c302c0>{number = 1, name = main}
Please file a bug at https://feedbackassistant.apple.com with this warning message and any useful information you can provide.
2023-10-28 18:55:01.644 xcodebuild[6839:58943] [MT] DVTAssertions: Warning in /System/Volumes/Data/SWE/Apps/DT/BuildRoots/BuildRoot11/ActiveBuildRoot/Library/Caches/com.apple.xbs/Sources/IDEFrameworks/IDEFrameworks-22267/IDEFoundation/Provisioning/Capabilities Infrastructure/IDECapabilityQuerySelection.swift:103
Details:  createItemModels creation requirements should not create capability item model for a capability item model that already exists.
Function: createItemModels(for:itemModelSource:)
Thread:   <_NSMainThread: 0x600000c302c0>{number = 1, name = main}
Please file a bug at https://feedbackassistant.apple.com with this warning message and any useful information you can provide.
2023-10-28 18:55:01.644 xcodebuild[6839:58943] [MT] DVTAssertions: Warning in /System/Volumes/Data/SWE/Apps/DT/BuildRoots/BuildRoot11/ActiveBuildRoot/Library/Caches/com.apple.xbs/Sources/IDEFrameworks/IDEFrameworks-22267/IDEFoundation/Provisioning/Capabilities Infrastructure/IDECapabilityQuerySelection.swift:103
Details:  createItemModels creation requirements should not create capability item model for a capability item model that already exists.
Function: createItemModels(for:itemModelSource:)
Thread:   <_NSMainThread: 0x600000c302c0>{number = 1, name = main}
Please file a bug at https://feedbackassistant.apple.com with this warning message and any useful information you can provide.
2023-10-28 18:55:01.646 xcodebuild[6839:58943] [MT] DVTAssertions: Warning in /System/Volumes/Data/SWE/Apps/DT/BuildRoots/BuildRoot11/ActiveBuildRoot/Library/Caches/com.apple.xbs/Sources/IDEFrameworks/IDEFrameworks-22267/IDEFoundation/Provisioning/Capabilities Infrastructure/IDECapabilityQuerySelection.swift:103
Details:  createItemModels creation requirements should not create capability item model for a capability item model that already exists.
Function: createItemModels(for:itemModelSource:)
Thread:   <_NSMainThread: 0x600000c302c0>{number = 1, name = main}
Please file a bug at https://feedbackassistant.apple.com with this warning message and any useful information you can provide.
2023-10-28 18:55:01.646 xcodebuild[6839:58943] [MT] DVTAssertions: Warning in /System/Volumes/Data/SWE/Apps/DT/BuildRoots/BuildRoot11/ActiveBuildRoot/Library/Caches/com.apple.xbs/Sources/IDEFrameworks/IDEFrameworks-22267/IDEFoundation/Provisioning/Capabilities Infrastructure/IDECapabilityQuerySelection.swift:103
Details:  createItemModels creation requirements should not create capability item model for a capability item model that already exists.
Function: createItemModels(for:itemModelSource:)
Thread:   <_NSMainThread: 0x600000c302c0>{number = 1, name = main}
Please file a bug at https://feedbackassistant.apple.com with this warning message and any useful information you can provide.
2023-10-28 18:55:01.646 xcodebuild[6839:58943] [MT] DVTAssertions: Warning in /System/Volumes/Data/SWE/Apps/DT/BuildRoots/BuildRoot11/ActiveBuildRoot/Library/Caches/com.apple.xbs/Sources/IDEFrameworks/IDEFrameworks-22267/IDEFoundation/Provisioning/Capabilities Infrastructure/IDECapabilityQuerySelection.swift:103
Details:  createItemModels creation requirements should not create capability item model for a capability item model that already exists.
Function: createItemModels(for:itemModelSource:)
Thread:   <_NSMainThread: 0x600000c302c0>{number = 1, name = main}
Please file a bug at https://feedbackassistant.apple.com with this warning message and any useful information you can provide.
2023-10-28 18:55:01.646 xcodebuild[6839:58943] [MT] DVTAssertions: Warning in /System/Volumes/Data/SWE/Apps/DT/BuildRoots/BuildRoot11/ActiveBuildRoot/Library/Caches/com.apple.xbs/Sources/IDEFrameworks/IDEFrameworks-22267/IDEFoundation/Provisioning/Capabilities Infrastructure/IDECapabilityQuerySelection.swift:103
Details:  createItemModels creation requirements should not create capability item model for a capability item model that already exists.
Function: createItemModels(for:itemModelSource:)
Thread:   <_NSMainThread: 0x600000c302c0>{number = 1, name = main}
Please file a bug at https://feedbackassistant.apple.com with this warning message and any useful information you can provide.
2023-10-28 18:55:01.646 xcodebuild[6839:58943] [MT] DVTAssertions: Warning in /System/Volumes/Data/SWE/Apps/DT/BuildRoots/BuildRoot11/ActiveBuildRoot/Library/Caches/com.apple.xbs/Sources/IDEFrameworks/IDEFrameworks-22267/IDEFoundation/Provisioning/Capabilities Infrastructure/IDECapabilityQuerySelection.swift:103
Details:  createItemModels creation requirements should not create capability item model for a capability item model that already exists.
Function: createItemModels(for:itemModelSource:)
Thread:   <_NSMainThread: 0x600000c302c0>{number = 1, name = main}
Please file a bug at https://feedbackassistant.apple.com with this warning message and any useful information you can provide.
2023-10-28 18:55:01.646 xcodebuild[6839:58943] [MT] DVTAssertions: Warning in /System/Volumes/Data/SWE/Apps/DT/BuildRoots/BuildRoot11/ActiveBuildRoot/Library/Caches/com.apple.xbs/Sources/IDEFrameworks/IDEFrameworks-22267/IDEFoundation/Provisioning/Capabilities Infrastructure/IDECapabilityQuerySelection.swift:103
Details:  createItemModels creation requirements should not create capability item model for a capability item model that already exists.
Function: createItemModels(for:itemModelSource:)
Thread:   <_NSMainThread: 0x600000c302c0>{number = 1, name = main}
Please file a bug at https://feedbackassistant.apple.com with this warning message and any useful information you can provide.
